app/build/intermediates/manifest_merge_blame_file/debug/manifest-merger-blame-debug-report.txt
1<?xml version="1.0" encoding="utf-8"?>
2<manifest xmlns:android="http://schemas.android.com/apk/res/android"
3    package="de.fhkiel.srcms.apps.therapy.physical"
4    android:versionCode="1"
5    android:versionName="1.0" >
6
7    <uses-sdk
8        android:minSdkVersion="23"
8-->src/main/AndroidManifest.xml
9        android:targetSdkVersion="23" />
9-->src/main/AndroidManifest.xml
10
11    <uses-feature android:name="com.softbank.hardware.pepper" />
11-->src/main/AndroidManifest.xml:5:5-65
11-->src/main/AndroidManifest.xml:5:19-62
12
13    <uses-permission android:name="android.permission.READ_EXTERNAL_STORAGE" />
13-->src/main/AndroidManifest.xml:7:5-80
13-->src/main/AndroidManifest.xml:7:22-77
14    <uses-permission android:name="com.aldebaran.permission.ROBOT" />
14-->[com.aldebaran:qisdk:1.7.5] AndroidManifest.xml:10:5-70
14-->[com.aldebaran:qisdk:1.7.5] AndroidManifest.xml:10:22-67
15    <uses-permission android:name="android.permission.INTERNET" />
15-->[com.aldebaran:qisdk:1.7.5] AndroidManifest.xml:11:5-67
15-->[com.aldebaran:qisdk:1.7.5] AndroidManifest.xml:11:22-64
16
17    <application
17-->src/main/AndroidManifest.xml:9:5-44:19
18        android:allowBackup="true"
18-->src/main/AndroidManifest.xml:10:9-35
19        android:appComponentFactory="androidx.core.app.CoreComponentFactory"
19-->[androidx.core:core:1.3.1] AndroidManifest.xml:24:18-86
20        android:debuggable="true"
21        android:extractNativeLibs="false"
22        android:icon="@mipmap/ic_launcher"
22-->src/main/AndroidManifest.xml:11:9-43
23        android:label="@string/app_name"
23-->src/main/AndroidManifest.xml:12:9-41
24        android:roundIcon="@mipmap/ic_launcher_round"
24-->src/main/AndroidManifest.xml:13:9-54
25        android:supportsRtl="true"
25-->src/main/AndroidManifest.xml:14:9-35
26        android:theme="@style/Theme.SocialRobotCMS" >
26-->src/main/AndroidManifest.xml:15:9-52
27        <activity
27-->src/main/AndroidManifest.xml:16:9-18:40
28            android:name="de.fhkiel.srcms.apps.therapy.physical.p.workout.database.UpdateUser"
28-->src/main/AndroidManifest.xml:17:13-48
29            android:exported="false" />
29-->src/main/AndroidManifest.xml:18:13-37
30        <activity
30-->src/main/AndroidManifest.xml:19:9-21:40
31            android:name="de.fhkiel.srcms.apps.therapy.physical.p.workout.database.ViewUser"
31-->src/main/AndroidManifest.xml:20:13-46
32            android:exported="false" />
32-->src/main/AndroidManifest.xml:21:13-37
33        <activity
33-->src/main/AndroidManifest.xml:22:9-24:40
34            android:name="de.fhkiel.srcms.apps.therapy.physical.p.workout.database.AddUser"
34-->src/main/AndroidManifest.xml:23:13-45
35            android:exported="false" />
35-->src/main/AndroidManifest.xml:24:13-37
36        <activity
36-->src/main/AndroidManifest.xml:25:9-27:40
37            android:name="de.fhkiel.srcms.apps.therapy.physical.p.workout.Individual"
37-->src/main/AndroidManifest.xml:26:13-86
38            android:exported="false" />
38-->src/main/AndroidManifest.xml:27:13-37
39        <activity
39-->src/main/AndroidManifest.xml:28:9-30:39
40            android:name="de.fhkiel.srcms.apps.therapy.physical.p.workout.PerformDemo"
40-->src/main/AndroidManifest.xml:29:13-87
41            android:exported="true" />
41-->src/main/AndroidManifest.xml:30:13-36
42        <activity
42-->src/main/AndroidManifest.xml:31:9-33:39
43            android:name="de.fhkiel.srcms.apps.therapy.physical.p.workout.PerformActivity"
43-->src/main/AndroidManifest.xml:32:13-91
44            android:exported="true" />
44-->src/main/AndroidManifest.xml:33:13-36
45        <activity android:name="de.fhkiel.srcms.apps.therapy.physical.p.workout.Demo" /> <!-- <activity android:name=".ElbowStretch" /> -->
45-->src/main/AndroidManifest.xml:34:9-89
45-->src/main/AndroidManifest.xml:34:19-86
46        <!-- <activity android:name=".OpenHand" /> -->
47        <activity android:name="de.fhkiel.srcms.apps.therapy.physical.p.workout.GroupeEntry" />
47-->src/main/AndroidManifest.xml:36:9-96
47-->src/main/AndroidManifest.xml:36:19-93
48        <activity android:name="de.fhkiel.srcms.apps.therapy.physical.p.workout.Welcome" >
48-->src/main/AndroidManifest.xml:37:9-43:20
48-->src/main/AndroidManifest.xml:37:19-89
49            <intent-filter>
49-->src/main/AndroidManifest.xml:38:13-42:29
50                <action android:name="android.intent.action.MAIN" />
50-->src/main/AndroidManifest.xml:39:17-69
50-->src/main/AndroidManifest.xml:39:25-66
51
52                <category android:name="android.intent.category.LAUNCHER" />
52-->src/main/AndroidManifest.xml:41:17-77
52-->src/main/AndroidManifest.xml:41:27-74
53            </intent-filter>
54        </activity>
55
56        <meta-data
56-->[com.aldebaran:qisdk:1.7.5] AndroidManifest.xml:16:9-18:53
57            android:name="qisdk_version"
57-->[com.aldebaran:qisdk:1.7.5] AndroidManifest.xml:17:13-41
58            android:value="@string/qisdk_version" />
58-->[com.aldebaran:qisdk:1.7.5] AndroidManifest.xml:18:13-50
59    </application>
60
61</manifest>